<?xml version="1.0" encoding="UTF-8"?>
<!-- Generated by org.testng.reporters.JUnitReportReporter -->
<testsuite hostname="Harry" name="com.patients.PatientDetails" tests="2" failures="0" timestamp="28 Jan 2017 16:56:24 GMT" time="2.001" errors="0">
  <testcase name="firstTestCase" time="2.000" classname="com.patients.PatientDetails"/>
  <testcase name="secondTestCase" time="0.001" classname="com.patients.PatientDetails"/>
</testsuite> <!-- com.patients.PatientDetails -->
