<?xml version="1.0" encoding="UTF-8"?>
<!-- Generated by org.testng.reporters.JUnitReportReporter -->
<testsuite hostname="Harry" name="com.patients.CreatePatient" tests="2" failures="0" timestamp="28 Jan 2017 16:56:24 GMT" time="3.005" errors="0">
  <testcase name="firstTestCase" time="2.004" classname="com.patients.CreatePatient"/>
  <testcase name="secondTestCase" time="1.001" classname="com.patients.CreatePatient"/>
</testsuite> <!-- com.patients.CreatePatient -->
